2022-05-20 00:05:525 INFO  ManageDriver :30 - Launching Chrome Browser
2022-05-20 00:05:291 INFO  HomePage :123 - Clicking on Accept Cookies : Proxy element for: DefaultElementLocator 'By.xpath: //*[contains(text(),'Accept')]'
2022-05-20 00:05:562 INFO  HomePage :69 - sending  text from jobtitle/job ref [[ChromeDriver: chrome on WINDOWS (e401157b4cd83c2e9034fb737c35e6c6)] -> xpath: //input[@id='keywords']]
2022-05-20 00:05:640 INFO  HomePage :75 - sending  text from location ref [[ChromeDriver: chrome on WINDOWS (e401157b4cd83c2e9034fb737c35e6c6)] -> xpath: //input[@id='keywords']]
2022-05-20 00:05:875 INFO  HomePage :81 - Selecting distance from location[[ChromeDriver: chrome on WINDOWS (e401157b4cd83c2e9034fb737c35e6c6)] -> xpath: //select[@id='distance']] from dropdown [[ChromeDriver: chrome on WINDOWS (e401157b4cd83c2e9034fb737c35e6c6)] -> xpath: //select[@id='distance']]
2022-05-20 00:05:957 INFO  HomePage :93 - Selecting Minumum salary from location[[ChromeDriver: chrome on WINDOWS (e401157b4cd83c2e9034fb737c35e6c6)] -> xpath: //input[@id='salarymin']] from dropdown [[ChromeDriver: chrome on WINDOWS (e401157b4cd83c2e9034fb737c35e6c6)] -> xpath: //input[@id='salarymin']]
2022-05-20 00:05:993 INFO  ManageDriver :30 - Launching Chrome Browser
2022-05-20 00:05:598 INFO  HomePage :123 - Clicking on Accept Cookies : Proxy element for: DefaultElementLocator 'By.xpath: //*[contains(text(),'Accept')]'
2022-05-20 00:05:831 INFO  HomePage :69 - sending  text from jobtitle/job ref [[ChromeDriver: chrome on WINDOWS (c02f85233f90dc711281f0d4280400cd)] -> xpath: //input[@id='keywords']]
2022-05-20 00:05:938 INFO  HomePage :75 - sending  text from location ref [[ChromeDriver: chrome on WINDOWS (c02f85233f90dc711281f0d4280400cd)] -> xpath: //input[@id='keywords']]
2022-05-20 00:05:127 INFO  HomePage :81 - Selecting distance from location[[ChromeDriver: chrome on WINDOWS (c02f85233f90dc711281f0d4280400cd)] -> xpath: //select[@id='distance']] from dropdown [[ChromeDriver: chrome on WINDOWS (c02f85233f90dc711281f0d4280400cd)] -> xpath: //select[@id='distance']]
2022-05-20 00:05:199 INFO  HomePage :93 - Selecting Minumum salary from location[[ChromeDriver: chrome on WINDOWS (c02f85233f90dc711281f0d4280400cd)] -> xpath: //input[@id='salarymin']] from dropdown [[ChromeDriver: chrome on WINDOWS (c02f85233f90dc711281f0d4280400cd)] -> xpath: //input[@id='salarymin']]
2022-05-20 00:05:84 INFO  ManageDriver :30 - Launching Chrome Browser
2022-05-20 00:05:565 INFO  HomePage :123 - Clicking on Accept Cookies : Proxy element for: DefaultElementLocator 'By.xpath: //*[contains(text(),'Accept')]'
2022-05-20 00:05:426 INFO  ManageDriver :30 - Launching Chrome Browser
2022-05-20 00:05:73 INFO  HomePage :123 - Clicking on Accept Cookies : Proxy element for: DefaultElementLocator 'By.xpath: //*[contains(text(),'Accept')]'
2022-05-20 00:05:236 INFO  ManageDriver :30 - Launching Chrome Browser
2022-05-20 00:05:655 INFO  ManageDriver :30 - Launching Chrome Browser
2022-05-20 00:05:76 INFO  HomePage :123 - Clicking on Accept Cookies : Proxy element for: DefaultElementLocator 'By.xpath: //*[contains(text(),'Accept')]'
2022-05-20 00:05:308 INFO  HomePage :69 - sending  text from jobtitle/job ref [[ChromeDriver: chrome on WINDOWS (f445b2f14a264f34642ffe27fbbdad4e)] -> xpath: //input[@id='keywords']]
2022-05-20 00:05:407 INFO  HomePage :75 - sending  text from location ref [[ChromeDriver: chrome on WINDOWS (f445b2f14a264f34642ffe27fbbdad4e)] -> xpath: //input[@id='keywords']]
2022-05-20 00:05:609 INFO  HomePage :81 - Selecting distance from location[[ChromeDriver: chrome on WINDOWS (f445b2f14a264f34642ffe27fbbdad4e)] -> xpath: //select[@id='distance']] from dropdown [[ChromeDriver: chrome on WINDOWS (f445b2f14a264f34642ffe27fbbdad4e)] -> xpath: //select[@id='distance']]
2022-05-20 00:05:682 INFO  HomePage :87 - Clicking on more search option[[ChromeDriver: chrome on WINDOWS (f445b2f14a264f34642ffe27fbbdad4e)] -> xpath: //button[@id='toggle-hp-search']]
2022-05-20 00:05:802 INFO  HomePage :93 - Selecting Minumum salary from location[[ChromeDriver: chrome on WINDOWS (f445b2f14a264f34642ffe27fbbdad4e)] -> xpath: //input[@id='salarymin']] from dropdown [[ChromeDriver: chrome on WINDOWS (f445b2f14a264f34642ffe27fbbdad4e)] -> xpath: //input[@id='salarymin']]
2022-05-20 00:05:934 INFO  HomePage :99 - Selecting Maximum salary from location [[ChromeDriver: chrome on WINDOWS (f445b2f14a264f34642ffe27fbbdad4e)] -> xpath: //input[@id='salarymax']] from dropdown [[ChromeDriver: chrome on WINDOWS (f445b2f14a264f34642ffe27fbbdad4e)] -> xpath: //input[@id='salarymax']]
2022-05-20 00:05:14 INFO  HomePage :105 - Selecting salary type [[ChromeDriver: chrome on WINDOWS (f445b2f14a264f34642ffe27fbbdad4e)] -> xpath: //select[@id='salarytype']] from dropdown [[ChromeDriver: chrome on WINDOWS (f445b2f14a264f34642ffe27fbbdad4e)] -> xpath: //select[@id='salarytype']]
2022-05-20 00:05:127 INFO  HomePage :111 - Selecting Job type Permanent from dropdown [[ChromeDriver: chrome on WINDOWS (f445b2f14a264f34642ffe27fbbdad4e)] -> xpath: //select[@class='hp-jobtype form__select']]
2022-05-20 00:05:191 INFO  HomePage :117 - Clicking on findjob[[ChromeDriver: chrome on WINDOWS (f445b2f14a264f34642ffe27fbbdad4e)] -> xpath: //input[@id='hp-search-btn']]
2022-05-20 00:05:321 INFO  HomePage :21 - getting result text from [[ChromeDriver: chrome on WINDOWS (f445b2f14a264f34642ffe27fbbdad4e)] -> xpath: //h1[@class='search-header__title']]
2022-05-20 00:05:113 INFO  ManageDriver :30 - Launching Chrome Browser
2022-05-20 00:05:406 INFO  HomePage :123 - Clicking on Accept Cookies : Proxy element for: DefaultElementLocator 'By.xpath: //*[contains(text(),'Accept')]'
2022-05-20 00:05:610 INFO  HomePage :69 - sending  text from jobtitle/job ref [[ChromeDriver: chrome on WINDOWS (d2894d6e2889dc2e5c0fee27d76f54f4)] -> xpath: //input[@id='keywords']]
2022-05-20 00:05:701 INFO  HomePage :75 - sending  text from location ref [[ChromeDriver: chrome on WINDOWS (d2894d6e2889dc2e5c0fee27d76f54f4)] -> xpath: //input[@id='keywords']]
2022-05-20 00:05:814 INFO  HomePage :81 - Selecting distance from location[[ChromeDriver: chrome on WINDOWS (d2894d6e2889dc2e5c0fee27d76f54f4)] -> xpath: //select[@id='distance']] from dropdown [[ChromeDriver: chrome on WINDOWS (d2894d6e2889dc2e5c0fee27d76f54f4)] -> xpath: //select[@id='distance']]
2022-05-20 00:05:900 INFO  HomePage :87 - Clicking on more search option[[ChromeDriver: chrome on WINDOWS (d2894d6e2889dc2e5c0fee27d76f54f4)] -> xpath: //button[@id='toggle-hp-search']]
2022-05-20 00:05:191 INFO  HomePage :93 - Selecting Minumum salary from location[[ChromeDriver: chrome on WINDOWS (d2894d6e2889dc2e5c0fee27d76f54f4)] -> xpath: //input[@id='salarymin']] from dropdown [[ChromeDriver: chrome on WINDOWS (d2894d6e2889dc2e5c0fee27d76f54f4)] -> xpath: //input[@id='salarymin']]
2022-05-20 00:05:435 INFO  HomePage :99 - Selecting Maximum salary from location [[ChromeDriver: chrome on WINDOWS (d2894d6e2889dc2e5c0fee27d76f54f4)] -> xpath: //input[@id='salarymax']] from dropdown [[ChromeDriver: chrome on WINDOWS (d2894d6e2889dc2e5c0fee27d76f54f4)] -> xpath: //input[@id='salarymax']]
2022-05-20 00:05:496 INFO  HomePage :105 - Selecting salary type [[ChromeDriver: chrome on WINDOWS (d2894d6e2889dc2e5c0fee27d76f54f4)] -> xpath: //select[@id='salarytype']] from dropdown [[ChromeDriver: chrome on WINDOWS (d2894d6e2889dc2e5c0fee27d76f54f4)] -> xpath: //select[@id='salarytype']]
2022-05-20 00:05:531 INFO  HomePage :111 - Selecting Job type Permanent from dropdown [[ChromeDriver: chrome on WINDOWS (d2894d6e2889dc2e5c0fee27d76f54f4)] -> xpath: //select[@class='hp-jobtype form__select']]
2022-05-20 00:05:594 INFO  HomePage :117 - Clicking on findjob[[ChromeDriver: chrome on WINDOWS (d2894d6e2889dc2e5c0fee27d76f54f4)] -> xpath: //input[@id='hp-search-btn']]
2022-05-20 00:05:386 INFO  HomePage :21 - getting result text from [[ChromeDriver: chrome on WINDOWS (d2894d6e2889dc2e5c0fee27d76f54f4)] -> xpath: //h1[@class='search-header__title']]
2022-05-20 00:05:308 INFO  ManageDriver :30 - Launching Chrome Browser
2022-05-20 00:05:597 INFO  HomePage :123 - Clicking on Accept Cookies : Proxy element for: DefaultElementLocator 'By.xpath: //*[contains(text(),'Accept')]'
2022-05-20 00:05:783 INFO  HomePage :69 - sending  text from jobtitle/job ref [[ChromeDriver: chrome on WINDOWS (417ac4a1c45acb13392f486d484bf976)] -> xpath: //input[@id='keywords']]
2022-05-20 00:05:866 INFO  HomePage :75 - sending  text from location ref [[ChromeDriver: chrome on WINDOWS (417ac4a1c45acb13392f486d484bf976)] -> xpath: //input[@id='keywords']]
2022-05-20 00:05:82 INFO  HomePage :81 - Selecting distance from location[[ChromeDriver: chrome on WINDOWS (417ac4a1c45acb13392f486d484bf976)] -> xpath: //select[@id='distance']] from dropdown [[ChromeDriver: chrome on WINDOWS (417ac4a1c45acb13392f486d484bf976)] -> xpath: //select[@id='distance']]
2022-05-20 00:05:116 INFO  HomePage :87 - Clicking on more search option[[ChromeDriver: chrome on WINDOWS (417ac4a1c45acb13392f486d484bf976)] -> xpath: //button[@id='toggle-hp-search']]
2022-05-20 00:05:450 INFO  HomePage :93 - Selecting Minumum salary from location[[ChromeDriver: chrome on WINDOWS (417ac4a1c45acb13392f486d484bf976)] -> xpath: //input[@id='salarymin']] from dropdown [[ChromeDriver: chrome on WINDOWS (417ac4a1c45acb13392f486d484bf976)] -> xpath: //input[@id='salarymin']]
2022-05-20 00:05:687 INFO  HomePage :99 - Selecting Maximum salary from location [[ChromeDriver: chrome on WINDOWS (417ac4a1c45acb13392f486d484bf976)] -> xpath: //input[@id='salarymax']] from dropdown [[ChromeDriver: chrome on WINDOWS (417ac4a1c45acb13392f486d484bf976)] -> xpath: //input[@id='salarymax']]
2022-05-20 00:05:743 INFO  HomePage :105 - Selecting salary type [[ChromeDriver: chrome on WINDOWS (417ac4a1c45acb13392f486d484bf976)] -> xpath: //select[@id='salarytype']] from dropdown [[ChromeDriver: chrome on WINDOWS (417ac4a1c45acb13392f486d484bf976)] -> xpath: //select[@id='salarytype']]
2022-05-20 00:05:778 INFO  HomePage :111 - Selecting Job type Permanent from dropdown [[ChromeDriver: chrome on WINDOWS (417ac4a1c45acb13392f486d484bf976)] -> xpath: //select[@class='hp-jobtype form__select']]
2022-05-20 00:05:840 INFO  HomePage :117 - Clicking on findjob[[ChromeDriver: chrome on WINDOWS (417ac4a1c45acb13392f486d484bf976)] -> xpath: //input[@id='hp-search-btn']]
2022-05-20 00:05:310 INFO  HomePage :21 - getting result text from [[ChromeDriver: chrome on WINDOWS (417ac4a1c45acb13392f486d484bf976)] -> xpath: //h1[@class='search-header__title']]
2022-05-20 00:05:64 INFO  ManageDriver :30 - Launching Chrome Browser
2022-05-20 00:05:516 INFO  HomePage :123 - Clicking on Accept Cookies : Proxy element for: DefaultElementLocator 'By.xpath: //*[contains(text(),'Accept')]'
2022-05-20 00:05:716 INFO  HomePage :69 - sending  text from jobtitle/job ref [[ChromeDriver: chrome on WINDOWS (6674acce7b05550cef793939bd4d4339)] -> xpath: //input[@id='keywords']]
2022-05-20 00:05:808 INFO  HomePage :75 - sending  text from location ref [[ChromeDriver: chrome on WINDOWS (6674acce7b05550cef793939bd4d4339)] -> xpath: //input[@id='keywords']]
2022-05-20 00:05:886 INFO  HomePage :81 - Selecting distance from location[[ChromeDriver: chrome on WINDOWS (6674acce7b05550cef793939bd4d4339)] -> xpath: //select[@id='distance']] from dropdown [[ChromeDriver: chrome on WINDOWS (6674acce7b05550cef793939bd4d4339)] -> xpath: //select[@id='distance']]
2022-05-20 00:05:950 INFO  HomePage :87 - Clicking on more search option[[ChromeDriver: chrome on WINDOWS (6674acce7b05550cef793939bd4d4339)] -> xpath: //button[@id='toggle-hp-search']]
2022-05-20 00:05:205 INFO  HomePage :93 - Selecting Minumum salary from location[[ChromeDriver: chrome on WINDOWS (6674acce7b05550cef793939bd4d4339)] -> xpath: //input[@id='salarymin']] from dropdown [[ChromeDriver: chrome on WINDOWS (6674acce7b05550cef793939bd4d4339)] -> xpath: //input[@id='salarymin']]
2022-05-20 00:05:285 INFO  HomePage :99 - Selecting Maximum salary from location [[ChromeDriver: chrome on WINDOWS (6674acce7b05550cef793939bd4d4339)] -> xpath: //input[@id='salarymax']] from dropdown [[ChromeDriver: chrome on WINDOWS (6674acce7b05550cef793939bd4d4339)] -> xpath: //input[@id='salarymax']]
2022-05-20 00:05:353 INFO  HomePage :105 - Selecting salary type [[ChromeDriver: chrome on WINDOWS (6674acce7b05550cef793939bd4d4339)] -> xpath: //select[@id='salarytype']] from dropdown [[ChromeDriver: chrome on WINDOWS (6674acce7b05550cef793939bd4d4339)] -> xpath: //select[@id='salarytype']]
2022-05-20 00:05:427 INFO  HomePage :111 - Selecting Job type Permanent from dropdown [[ChromeDriver: chrome on WINDOWS (6674acce7b05550cef793939bd4d4339)] -> xpath: //select[@class='hp-jobtype form__select']]
2022-05-20 00:05:484 INFO  HomePage :117 - Clicking on findjob[[ChromeDriver: chrome on WINDOWS (6674acce7b05550cef793939bd4d4339)] -> xpath: //input[@id='hp-search-btn']]
2022-05-20 00:05:783 INFO  HomePage :21 - getting result text from [[ChromeDriver: chrome on WINDOWS (6674acce7b05550cef793939bd4d4339)] -> xpath: //h1[@class='search-header__title']]
2022-05-20 00:05:575 INFO  ManageDriver :30 - Launching Chrome Browser
2022-05-20 00:05:25 INFO  HomePage :123 - Clicking on Accept Cookies : Proxy element for: DefaultElementLocator 'By.xpath: //*[contains(text(),'Accept')]'
2022-05-20 00:05:246 INFO  HomePage :69 - sending  text from jobtitle/job ref [[ChromeDriver: chrome on WINDOWS (431b897e12dacfdc0f8df18c5be1c2f9)] -> xpath: //input[@id='keywords']]
2022-05-20 00:05:301 INFO  HomePage :75 - sending  text from location ref [[ChromeDriver: chrome on WINDOWS (431b897e12dacfdc0f8df18c5be1c2f9)] -> xpath: //input[@id='keywords']]
2022-05-20 00:05:516 INFO  HomePage :81 - Selecting distance from location[[ChromeDriver: chrome on WINDOWS (431b897e12dacfdc0f8df18c5be1c2f9)] -> xpath: //select[@id='distance']] from dropdown [[ChromeDriver: chrome on WINDOWS (431b897e12dacfdc0f8df18c5be1c2f9)] -> xpath: //select[@id='distance']]
2022-05-20 00:05:579 INFO  HomePage :87 - Clicking on more search option[[ChromeDriver: chrome on WINDOWS (431b897e12dacfdc0f8df18c5be1c2f9)] -> xpath: //button[@id='toggle-hp-search']]
2022-05-20 00:05:935 INFO  HomePage :93 - Selecting Minumum salary from location[[ChromeDriver: chrome on WINDOWS (431b897e12dacfdc0f8df18c5be1c2f9)] -> xpath: //input[@id='salarymin']] from dropdown [[ChromeDriver: chrome on WINDOWS (431b897e12dacfdc0f8df18c5be1c2f9)] -> xpath: //input[@id='salarymin']]
2022-05-20 11:05:642 INFO  ManageDriver :30 - Launching Chrome Browser
2022-05-20 11:05:545 INFO  HomePage :123 - Clicking on Accept Cookies : Proxy element for: DefaultElementLocator 'By.xpath: //*[contains(text(),'Accept')]'
2022-05-20 11:05:241 INFO  HomePage :69 - sending  text from jobtitle/job ref [[ChromeDriver: chrome on WINDOWS (5e2191d0f4932347859de512955213a5)] -> xpath: //input[@id='keywords']]
2022-05-20 11:05:786 INFO  HomePage :75 - sending  text from location ref [[ChromeDriver: chrome on WINDOWS (5e2191d0f4932347859de512955213a5)] -> xpath: //input[@id='keywords']]
2022-05-20 11:05:338 INFO  HomePage :81 - Selecting distance from location[[ChromeDriver: chrome on WINDOWS (5e2191d0f4932347859de512955213a5)] -> xpath: //select[@id='distance']] from dropdown [[ChromeDriver: chrome on WINDOWS (5e2191d0f4932347859de512955213a5)] -> xpath: //select[@id='distance']]
2022-05-20 11:05:226 INFO  HomePage :87 - Clicking on more search option[[ChromeDriver: chrome on WINDOWS (5e2191d0f4932347859de512955213a5)] -> xpath: //button[@id='toggle-hp-search']]
2022-05-20 11:05:823 INFO  HomePage :93 - Selecting Minumum salary from location[[ChromeDriver: chrome on WINDOWS (5e2191d0f4932347859de512955213a5)] -> xpath: //input[@id='salarymin']] from dropdown [[ChromeDriver: chrome on WINDOWS (5e2191d0f4932347859de512955213a5)] -> xpath: //input[@id='salarymin']]
2022-05-20 11:05:996 INFO  HomePage :99 - Selecting Maximum salary from location [[ChromeDriver: chrome on WINDOWS (5e2191d0f4932347859de512955213a5)] -> xpath: //input[@id='salarymax']] from dropdown [[ChromeDriver: chrome on WINDOWS (5e2191d0f4932347859de512955213a5)] -> xpath: //input[@id='salarymax']]
2022-05-20 11:05:165 INFO  HomePage :105 - Selecting salary type [[ChromeDriver: chrome on WINDOWS (5e2191d0f4932347859de512955213a5)] -> xpath: //select[@id='salarytype']] from dropdown [[ChromeDriver: chrome on WINDOWS (5e2191d0f4932347859de512955213a5)] -> xpath: //select[@id='salarytype']]
2022-05-20 11:05:261 INFO  HomePage :111 - Selecting Job type Permanent from dropdown [[ChromeDriver: chrome on WINDOWS (5e2191d0f4932347859de512955213a5)] -> xpath: //select[@class='hp-jobtype form__select']]
2022-05-20 11:05:417 INFO  HomePage :117 - Clicking on findjob[[ChromeDriver: chrome on WINDOWS (5e2191d0f4932347859de512955213a5)] -> xpath: //input[@id='hp-search-btn']]
2022-05-20 11:05:807 INFO  HomePage :21 - getting result text from [[ChromeDriver: chrome on WINDOWS (5e2191d0f4932347859de512955213a5)] -> xpath: //h1[@class='search-header__title']]
2022-05-20 11:05:351 INFO  ManageDriver :30 - Launching Chrome Browser
2022-05-20 11:05:542 INFO  HomePage :123 - Clicking on Accept Cookies : Proxy element for: DefaultElementLocator 'By.xpath: //*[contains(text(),'Accept')]'
2022-05-20 11:05:956 INFO  HomePage :69 - sending  text from jobtitle/job ref [[ChromeDriver: chrome on WINDOWS (70f5aa528161752225f2b8bc3e5b6162)] -> xpath: //input[@id='keywords']]
2022-05-20 11:05:608 INFO  HomePage :75 - sending  text from location ref [[ChromeDriver: chrome on WINDOWS (70f5aa528161752225f2b8bc3e5b6162)] -> xpath: //input[@id='keywords']]
2022-05-20 11:05:803 INFO  HomePage :81 - Selecting distance from location[[ChromeDriver: chrome on WINDOWS (70f5aa528161752225f2b8bc3e5b6162)] -> xpath: //select[@id='distance']] from dropdown [[ChromeDriver: chrome on WINDOWS (70f5aa528161752225f2b8bc3e5b6162)] -> xpath: //select[@id='distance']]
2022-05-20 11:05:30 INFO  HomePage :87 - Clicking on more search option[[ChromeDriver: chrome on WINDOWS (70f5aa528161752225f2b8bc3e5b6162)] -> xpath: //button[@id='toggle-hp-search']]
2022-05-20 11:05:689 INFO  HomePage :93 - Selecting Minumum salary from location[[ChromeDriver: chrome on WINDOWS (70f5aa528161752225f2b8bc3e5b6162)] -> xpath: //input[@id='salarymin']] from dropdown [[ChromeDriver: chrome on WINDOWS (70f5aa528161752225f2b8bc3e5b6162)] -> xpath: //input[@id='salarymin']]
2022-05-20 11:05:867 INFO  HomePage :99 - Selecting Maximum salary from location [[ChromeDriver: chrome on WINDOWS (70f5aa528161752225f2b8bc3e5b6162)] -> xpath: //input[@id='salarymax']] from dropdown [[ChromeDriver: chrome on WINDOWS (70f5aa528161752225f2b8bc3e5b6162)] -> xpath: //input[@id='salarymax']]
2022-05-20 11:05:06 INFO  HomePage :105 - Selecting salary type [[ChromeDriver: chrome on WINDOWS (70f5aa528161752225f2b8bc3e5b6162)] -> xpath: //select[@id='salarytype']] from dropdown [[ChromeDriver: chrome on WINDOWS (70f5aa528161752225f2b8bc3e5b6162)] -> xpath: //select[@id='salarytype']]
2022-05-20 11:05:91 INFO  HomePage :111 - Selecting Job type Permanent from dropdown [[ChromeDriver: chrome on WINDOWS (70f5aa528161752225f2b8bc3e5b6162)] -> xpath: //select[@class='hp-jobtype form__select']]
2022-05-20 11:05:222 INFO  HomePage :117 - Clicking on findjob[[ChromeDriver: chrome on WINDOWS (70f5aa528161752225f2b8bc3e5b6162)] -> xpath: //input[@id='hp-search-btn']]
2022-05-20 11:05:572 INFO  HomePage :21 - getting result text from [[ChromeDriver: chrome on WINDOWS (70f5aa528161752225f2b8bc3e5b6162)] -> xpath: //h1[@class='search-header__title']]
2022-05-20 11:05:965 INFO  ManageDriver :30 - Launching Chrome Browser
2022-05-20 11:05:47 INFO  HomePage :123 - Clicking on Accept Cookies : Proxy element for: DefaultElementLocator 'By.xpath: //*[contains(text(),'Accept')]'
2022-05-20 11:05:253 INFO  HomePage :69 - sending  text from jobtitle/job ref [[ChromeDriver: chrome on WINDOWS (4dd453a7399dd45a909b9b8ccef4fb60)] -> xpath: //input[@id='keywords']]
2022-05-20 11:05:365 INFO  HomePage :75 - sending  text from location ref [[ChromeDriver: chrome on WINDOWS (4dd453a7399dd45a909b9b8ccef4fb60)] -> xpath: //input[@id='keywords']]
2022-05-20 11:05:598 INFO  HomePage :81 - Selecting distance from location[[ChromeDriver: chrome on WINDOWS (4dd453a7399dd45a909b9b8ccef4fb60)] -> xpath: //select[@id='distance']] from dropdown [[ChromeDriver: chrome on WINDOWS (4dd453a7399dd45a909b9b8ccef4fb60)] -> xpath: //select[@id='distance']]
2022-05-20 11:05:640 INFO  HomePage :87 - Clicking on more search option[[ChromeDriver: chrome on WINDOWS (4dd453a7399dd45a909b9b8ccef4fb60)] -> xpath: //button[@id='toggle-hp-search']]
2022-05-20 11:05:918 INFO  HomePage :93 - Selecting Minumum salary from location[[ChromeDriver: chrome on WINDOWS (4dd453a7399dd45a909b9b8ccef4fb60)] -> xpath: //input[@id='salarymin']] from dropdown [[ChromeDriver: chrome on WINDOWS (4dd453a7399dd45a909b9b8ccef4fb60)] -> xpath: //input[@id='salarymin']]
2022-05-20 11:05:112 INFO  HomePage :99 - Selecting Maximum salary from location [[ChromeDriver: chrome on WINDOWS (4dd453a7399dd45a909b9b8ccef4fb60)] -> xpath: //input[@id='salarymax']] from dropdown [[ChromeDriver: chrome on WINDOWS (4dd453a7399dd45a909b9b8ccef4fb60)] -> xpath: //input[@id='salarymax']]
2022-05-20 11:05:278 INFO  HomePage :105 - Selecting salary type [[ChromeDriver: chrome on WINDOWS (4dd453a7399dd45a909b9b8ccef4fb60)] -> xpath: //select[@id='salarytype']] from dropdown [[ChromeDriver: chrome on WINDOWS (4dd453a7399dd45a909b9b8ccef4fb60)] -> xpath: //select[@id='salarytype']]
2022-05-20 11:05:344 INFO  HomePage :111 - Selecting Job type Permanent from dropdown [[ChromeDriver: chrome on WINDOWS (4dd453a7399dd45a909b9b8ccef4fb60)] -> xpath: //select[@class='hp-jobtype form__select']]
2022-05-20 11:05:453 INFO  HomePage :117 - Clicking on findjob[[ChromeDriver: chrome on WINDOWS (4dd453a7399dd45a909b9b8ccef4fb60)] -> xpath: //input[@id='hp-search-btn']]
2022-05-20 11:05:579 INFO  HomePage :21 - getting result text from [[ChromeDriver: chrome on WINDOWS (4dd453a7399dd45a909b9b8ccef4fb60)] -> xpath: //h1[@class='search-header__title']]
2022-05-20 11:05:110 INFO  ManageDriver :30 - Launching Chrome Browser
2022-05-20 11:05:467 INFO  ManageDriver :30 - Launching Chrome Browser
2022-05-20 11:05:277 INFO  HomePage :123 - Clicking on Accept Cookies : Proxy element for: DefaultElementLocator 'By.xpath: //*[contains(text(),'Accept')]'
2022-05-20 11:05:519 INFO  HomePage :69 - sending  text from jobtitle/job ref [[ChromeDriver: chrome on WINDOWS (69ca795b0f68d57368a76b89591fa2fb)] -> xpath: //input[@id='keywords']]
2022-05-20 11:05:990 INFO  HomePage :75 - sending  text from location ref [[ChromeDriver: chrome on WINDOWS (69ca795b0f68d57368a76b89591fa2fb)] -> xpath: //input[@id='keywords']]
2022-05-20 11:05:132 INFO  HomePage :81 - Selecting distance from location[[ChromeDriver: chrome on WINDOWS (69ca795b0f68d57368a76b89591fa2fb)] -> xpath: //select[@id='distance']] from dropdown [[ChromeDriver: chrome on WINDOWS (69ca795b0f68d57368a76b89591fa2fb)] -> xpath: //select[@id='distance']]
2022-05-20 11:05:262 INFO  HomePage :87 - Clicking on more search option[[ChromeDriver: chrome on WINDOWS (69ca795b0f68d57368a76b89591fa2fb)] -> xpath: //button[@id='toggle-hp-search']]
2022-05-20 11:05:928 INFO  HomePage :93 - Selecting Minumum salary from location[[ChromeDriver: chrome on WINDOWS (69ca795b0f68d57368a76b89591fa2fb)] -> xpath: //input[@id='salarymin']] from dropdown [[ChromeDriver: chrome on WINDOWS (69ca795b0f68d57368a76b89591fa2fb)] -> xpath: //input[@id='salarymin']]
2022-05-20 11:05:60 INFO  HomePage :99 - Selecting Maximum salary from location [[ChromeDriver: chrome on WINDOWS (69ca795b0f68d57368a76b89591fa2fb)] -> xpath: //input[@id='salarymax']] from dropdown [[ChromeDriver: chrome on WINDOWS (69ca795b0f68d57368a76b89591fa2fb)] -> xpath: //input[@id='salarymax']]
2022-05-20 11:05:169 INFO  HomePage :105 - Selecting salary type [[ChromeDriver: chrome on WINDOWS (69ca795b0f68d57368a76b89591fa2fb)] -> xpath: //select[@id='salarytype']] from dropdown [[ChromeDriver: chrome on WINDOWS (69ca795b0f68d57368a76b89591fa2fb)] -> xpath: //select[@id='salarytype']]
2022-05-20 11:05:230 INFO  HomePage :111 - Selecting Job type Permanent from dropdown [[ChromeDriver: chrome on WINDOWS (69ca795b0f68d57368a76b89591fa2fb)] -> xpath: //select[@class='hp-jobtype form__select']]
2022-05-20 11:05:372 INFO  HomePage :117 - Clicking on findjob[[ChromeDriver: chrome on WINDOWS (69ca795b0f68d57368a76b89591fa2fb)] -> xpath: //input[@id='hp-search-btn']]
2022-05-20 11:05:125 INFO  HomePage :21 - getting result text from [[ChromeDriver: chrome on WINDOWS (69ca795b0f68d57368a76b89591fa2fb)] -> xpath: //h1[@class='search-header__title']]
